<?xml version="1.0" encoding="UTF-8"?>
<!-- Generated by org.testng.reporters.JUnitXMLReporter -->
<testsuite ignored="0" hostname="Viraj" failures="1" tests="3" name="BankingApp test" time="46.427" errors="0" timestamp="20 Sep 2022 11:54:01 GMT">
  <testcase classname="com.inetbanking.testcases.TC_Logintdd_002" name="loginDDT" time="13.437"/>
  <testcase classname="com.inetbanking.testcases.TC_Logintdd_002" name="loginDDT" time="6.001">
    <failure type="java.lang.AssertionError" message="expected [true] but found [false]">
      <![CDATA[java.lang.AssertionError: expected [true] but found [false]
at com.inetbanking.testcases.TC_Logintdd_002.loginDDT(TC_Logintdd_002.java:29)
... Removed 29 stack frames]]>
    </failure>
  </testcase> <!-- loginDDT -->
  <testcase classname="com.inetbanking.testcases.TC_Logintdd_002" name="loginDDT" time="10.835"/>
</testsuite> <!-- BankingApp test -->
